Arguments: 
  /usr/local/bin/node /mnt/c/Program Files (x86)/Yarn/bin/yarn.js install

PATH: 
  /home/13bfrancis/.rvm/gems/ruby-2.5.1/bin:/home/13bfrancis/.rvm/gems/ruby-2.5.1@global/bin:/home/13bfrancis/.rvm/rubies/ruby-2.5.1/bin:/usr/local/sbin:/usr/local/bin:/usr/sbin:/usr/bin:/sbin:/bin:/usr/games:/usr/local/games:/mnt/c/Program Files/Microsoft MPI/Bin:/mnt/c/ProgramData/Oracle/Java/javapath:/mnt/c/Program Files (x86)/Intel/iCLS Client:/mnt/c/Program Files/Intel/iCLS Client:/mnt/c/Windows/System32:/mnt/c/Windows:/mnt/c/Windows/System32/wbem:/mnt/c/Windows/System32/WindowsPowerShell/v1.0:/mnt/c/Program Files (x86)/Intel/Intel(R) Management Engine Components/DAL:/mnt/c/Program Files/Intel/Intel(R) Management Engine Components/DAL:/mnt/c/Program Files (x86)/Intel/Intel(R) Management Engine Components/IPT:/mnt/c/Program Files/Intel/Intel(R) Management Engine Components/IPT:/mnt/c/Program Files (x86)/NVIDIA Corporation/PhysX/Common:/mnt/c/Program Files (x86)/GtkSharp/2.12/bin:/mnt/c/Program Files/PuTTY:/mnt/c/Program Files/dotnet:/mnt/c/Program Files/Microsoft SQL Server/130/Tools/Binn:/mnt/c/Windows/System32/OpenSSH:/mnt/c/Program Files/Microsoft VS Code/bin:/mnt/c/Program Files/nodejs:/mnt/c/PostgreSQL/pg96/bin:/mnt/c/ProgramData/chocolatey/bin:/mnt/c/Program Files/Git/cmd:/mnt/c/Program Files/NVIDIA Corporation/NVIDIA NvDLISR:/mnt/c/Program Files/LLVM/bin:/mnt/c/Windows/System32:/mnt/c/Windows:/mnt/c/Windows/System32/wbem:/mnt/c/Windows/System32/WindowsPowerShell/v1.0:/mnt/c/Windows/System32/OpenSSH:/mnt/c/Program Files (x86)/Yarn/bin:/mnt/c/Ruby24/bin:/mnt/c/Users/13bfr/AppData/Local/Microsoft/WindowsApps:/mnt/c/Program Files/Microsoft VS Code/bin:/mnt/c/Users/13bfr/AppData/Roaming/npm:/mnt/c/Program Files/heroku/bin:/mnt/c/Users/13bfr/AppData/Local/.meteor:/mnt/c/tools/dart-sdk/bin:/mnt/c/Users/13bfr/AppData/Roaming/Pub/Cache/bin:/mnt/c/Users/13bfr/AppData/Local/GitHubDesktop/bin:/mnt/c/Users/13bfr/AppData/Local/Microsoft/WindowsApps:/mnt/c/Users/13bfr/AppData/Local/hyper/app-2.1.2/resources/bin:/mnt/c/Users/13bfr/AppData/Local/Yarn/bin:/mnt/c/Users/13bfr/AppData/Local/now-cli:/home/13bfrancis/.rvm/bin:/home/13bfrancis/.rvm/bin

Yarn version: 
  1.15.2

Node version: 
  10.6.0

Platform: 
  linux x64

Trace: 
  SyntaxError: /mnt/c/Users/13bfr/Desktop/todo-app/package.json: Unexpected token } in JSON at position 421
      at JSON.parse (<anonymous>)
      at /mnt/c/Program Files (x86)/Yarn/lib/cli.js:1625:59
      at Generator.next (<anonymous>)
      at step (/mnt/c/Program Files (x86)/Yarn/lib/cli.js:304:30)
      at /mnt/c/Program Files (x86)/Yarn/lib/cli.js:315:13

npm manifest: 
  {
    "name": "todo-app",
    "version": "1.0.0",
    "description": "",
    "main": "index.js",
    "scripts": {
      "client": "cd client && yarn start",
      "server": "cd server && npm run dev",
      "dev": "concurrently \"npm run client\" \"npm run server\"",
      "test": "echo \"Error: no test specified\" && exit 1"
    },
    "keywords": [],
    "author": "",
    "license": "ISC",
    "dependencies": {
      "concurrently": "^4.1.0",
    }
  }

yarn manifest: 
  No manifest

Lockfile: 
  No lockfile
